INFO:     Loading environment from '.env'
Traceback (most recent call last):
  File "E:\Mystro\Transport\backend\.venv\Lib\site-packages\sqlalchemy\engine\base.py", line 1967, in _exec_single_context
    self.dialect.do_execute(
    ~~~~~~~~~~~~~~~~~~~~~~~^
        cursor, str_statement, effective_parameters, context
        ^^^^^^^^^^^^^^^^^^^^^^^^^^^^^^^^^^^^^^^^^^^^^^^^^^^^
    )
    ^
  File "E:\Mystro\Transport\backend\.venv\Lib\site-packages\sqlalchemy\engine\default.py", line 952, in do_execute
    cursor.execute(statement, parameters)
    ~~~~~~~~~~~~~~^^^^^^^^^^^^^^^^^^^^^^^
sqlite3.OperationalError: disk I/O error

The above exception was the direct cause of the following exception:

Traceback (most recent call last):
  File "<frozen runpy>", line 198, in _run_module_as_main
  File "<frozen runpy>", line 88, in _run_code
  File "E:\Mystro\Transport\backend\.venv\Lib\site-packages\uvicorn\__main__.py", line 4, in <module>
    uvicorn.main()
    ~~~~~~~~~~~~^^
  File "E:\Mystro\Transport\backend\.venv\Lib\site-packages\click\core.py", line 1485, in __call__
    return self.main(*args, **kwargs)
           ~~~~~~~~~^^^^^^^^^^^^^^^^^
  File "E:\Mystro\Transport\backend\.venv\Lib\site-packages\click\core.py", line 1406, in main
    rv = self.invoke(ctx)
  File "E:\Mystro\Transport\backend\.venv\Lib\site-packages\click\core.py", line 1269, in invoke
    return ctx.invoke(self.callback, **ctx.params)
           ~~~~~~~~~~^^^^^^^^^^^^^^^^^^^^^^^^^^^^^
  File "E:\Mystro\Transport\backend\.venv\Lib\site-packages\click\core.py", line 824, in invoke
    return callback(*args, **kwargs)
  File "E:\Mystro\Transport\backend\.venv\Lib\site-packages\uvicorn\main.py", line 433, in main
    run(
    ~~~^
        app,
        ^^^^
    ...<47 lines>...
        h11_max_incomplete_event_size=h11_max_incomplete_event_size,
        ^^^^^^^^^^^^^^^^^^^^^^^^^^^^^^^^^^^^^^^^^^^^^^^^^^^^^^^^^^^^
    )
    ^
  File "E:\Mystro\Transport\backend\.venv\Lib\site-packages\uvicorn\main.py", line 606, in run
    server.run()
    ~~~~~~~~~~^^
  File "E:\Mystro\Transport\backend\.venv\Lib\site-packages\uvicorn\server.py", line 75, in run
    return asyncio_run(self.serve(sockets=sockets), loop_factory=self.config.get_loop_factory())
  File "C:\Users\emb19\AppData\Local\Programs\Python\Python314\Lib\asyncio\runners.py", line 204, in run
    return runner.run(main)
           ~~~~~~~~~~^^^^^^
  File "C:\Users\emb19\AppData\Local\Programs\Python\Python314\Lib\asyncio\runners.py", line 127, in run
    return self._loop.run_until_complete(task)
           ~~~~~~~~~~~~~~~~~~~~~~~~~~~~~^^^^^^
  File "C:\Users\emb19\AppData\Local\Programs\Python\Python314\Lib\asyncio\base_events.py", line 719, in run_until_complete
    return future.result()
           ~~~~~~~~~~~~~^^
  File "E:\Mystro\Transport\backend\.venv\Lib\site-packages\uvicorn\server.py", line 79, in serve
    await self._serve(sockets)
  File "E:\Mystro\Transport\backend\.venv\Lib\site-packages\uvicorn\server.py", line 86, in _serve
    config.load()
    ~~~~~~~~~~~^^
  File "E:\Mystro\Transport\backend\.venv\Lib\site-packages\uvicorn\config.py", line 441, in load
    self.loaded_app = import_from_string(self.app)
                      ~~~~~~~~~~~~~~~~~~^^^^^^^^^^
  File "E:\Mystro\Transport\backend\.venv\Lib\site-packages\uvicorn\importer.py", line 19, in import_from_string
    module = importlib.import_module(module_str)
  File "C:\Users\emb19\AppData\Local\Programs\Python\Python314\Lib\importlib\__init__.py", line 88, in import_module
    return _bootstrap._gcd_import(name[level:], package, level)
           ~~~~~~~~~~~~~~~~~~~~~~^^^^^^^^^^^^^^^^^^^^^^^^^^^^^^
  File "<frozen importlib._bootstrap>", line 1398, in _gcd_import
  File "<frozen importlib._bootstrap>", line 1371, in _find_and_load
  File "<frozen importlib._bootstrap>", line 1342, in _find_and_load_unlocked
  File "<frozen importlib._bootstrap>", line 938, in _load_unlocked
  File "<frozen importlib._bootstrap_external>", line 759, in exec_module
  File "<frozen importlib._bootstrap>", line 491, in _call_with_frames_removed
  File "E:\Mystro\Transport\backend\main.py", line 163, in <module>
    ensure_schema()
    ~~~~~~~~~~~~~^^
  File "E:\Mystro\Transport\backend\main.py", line 122, in ensure_schema
    Base.metadata.create_all(bind=engine)
    ~~~~~~~~~~~~~~~~~~~~~~~~^^^^^^^^^^^^^
  File "E:\Mystro\Transport\backend\.venv\Lib\site-packages\sqlalchemy\sql\schema.py", line 5928, in create_all
    bind._run_ddl_visitor(
    ~~~~~~~~~~~~~~~~~~~~~^
        ddl.SchemaGenerator, self, checkfirst=checkfirst, tables=tables
        ^^^^^^^^^^^^^^^^^^^^^^^^^^^^^^^^^^^^^^^^^^^^^^^^^^^^^^^^^^^^^^^
    )
    ^
  File "E:\Mystro\Transport\backend\.venv\Lib\site-packages\sqlalchemy\engine\base.py", line 3268, in _run_ddl_visitor
    conn._run_ddl_visitor(visitorcallable, element, **kwargs)
    ~~~~~~~~~~~~~~~~~~~~~^^^^^^^^^^^^^^^^^^^^^^^^^^^^^^^^^^^^
  File "E:\Mystro\Transport\backend\.venv\Lib\site-packages\sqlalchemy\engine\base.py", line 2467, in _run_ddl_visitor
    ).traverse_single(element)
      ~~~~~~~~~~~~~~~^^^^^^^^^
  File "E:\Mystro\Transport\backend\.venv\Lib\site-packages\sqlalchemy\sql\visitors.py", line 661, in traverse_single
    return meth(obj, **kw)
  File "E:\Mystro\Transport\backend\.venv\Lib\site-packages\sqlalchemy\sql\ddl.py", line 963, in visit_metadata
    [t for t in tables if self._can_create_table(t)]
                          ~~~~~~~~~~~~~~~~~~~~~~^^^
  File "E:\Mystro\Transport\backend\.venv\Lib\site-packages\sqlalchemy\sql\ddl.py", line 928, in _can_create_table
    return not self.checkfirst or not self.dialect.has_table(
                                      ~~~~~~~~~~~~~~~~~~~~~~^
        self.connection, table.name, schema=effective_schema
        ^^^^^^^^^^^^^^^^^^^^^^^^^^^^^^^^^^^^^^^^^^^^^^^^^^^^
    )
    ^
  File "<string>", line 2, in has_table
  File "E:\Mystro\Transport\backend\.venv\Lib\site-packages\sqlalchemy\engine\reflection.py", line 89, in cache
    return fn(self, con, *args, **kw)
  File "E:\Mystro\Transport\backend\.venv\Lib\site-packages\sqlalchemy\dialects\sqlite\base.py", line 2335, in has_table
    info = self._get_table_pragma(
        connection, "table_info", table_name, schema=schema
    )
  File "E:\Mystro\Transport\backend\.venv\Lib\site-packages\sqlalchemy\dialects\sqlite\base.py", line 3045, in _get_table_pragma
    cursor = connection.exec_driver_sql(statement)
  File "E:\Mystro\Transport\backend\.venv\Lib\site-packages\sqlalchemy\engine\base.py", line 1779, in exec_driver_sql
    ret = self._execute_context(
        dialect,
    ...<5 lines>...
        distilled_parameters,
    )
  File "E:\Mystro\Transport\backend\.venv\Lib\site-packages\sqlalchemy\engine\base.py", line 1846, in _execute_context
    return self._exec_single_context(
           ~~~~~~~~~~~~~~~~~~~~~~~~~^
        dialect, context, statement, parameters
        ^^^^^^^^^^^^^^^^^^^^^^^^^^^^^^^^^^^^^^^
    )
    ^
  File "E:\Mystro\Transport\backend\.venv\Lib\site-packages\sqlalchemy\engine\base.py", line 1986, in _exec_single_context
    self._handle_dbapi_exception(
    ~~~~~~~~~~~~~~~~~~~~~~~~~~~~^
        e, str_statement, effective_parameters, cursor, context
        ^^^^^^^^^^^^^^^^^^^^^^^^^^^^^^^^^^^^^^^^^^^^^^^^^^^^^^^
    )
    ^
  File "E:\Mystro\Transport\backend\.venv\Lib\site-packages\sqlalchemy\engine\base.py", line 2363, in _handle_dbapi_exception
    raise sqlalchemy_exception.with_traceback(exc_info[2]) from e
  File "E:\Mystro\Transport\backend\.venv\Lib\site-packages\sqlalchemy\engine\base.py", line 1967, in _exec_single_context
    self.dialect.do_execute(
    ~~~~~~~~~~~~~~~~~~~~~~~^
        cursor, str_statement, effective_parameters, context
        ^^^^^^^^^^^^^^^^^^^^^^^^^^^^^^^^^^^^^^^^^^^^^^^^^^^^
    )
    ^
  File "E:\Mystro\Transport\backend\.venv\Lib\site-packages\sqlalchemy\engine\default.py", line 952, in do_execute
    cursor.execute(statement, parameters)
    ~~~~~~~~~~~~~~^^^^^^^^^^^^^^^^^^^^^^^
sqlalchemy.exc.OperationalError: (sqlite3.OperationalError) disk I/O error
[SQL: PRAGMA main.table_info("companies")]
(Background on this error at: https://sqlalche.me/e/20/e3q8)
